mode: set
gitlab.com/liamg/raft/buffer/buffer.go:17.59,25.2 3 1
gitlab.com/liamg/raft/buffer/buffer.go:28.45,30.2 1 1
gitlab.com/liamg/raft/buffer/buffer.go:33.43,35.2 1 1
gitlab.com/liamg/raft/buffer/buffer.go:38.40,40.40 2 1
gitlab.com/liamg/raft/buffer/buffer.go:43.2,43.75 1 1
gitlab.com/liamg/raft/buffer/buffer.go:40.40,42.3 1 1
gitlab.com/liamg/raft/buffer/buffer.go:47.38,49.2 1 1
gitlab.com/liamg/raft/buffer/buffer.go:51.42,53.2 1 1
gitlab.com/liamg/raft/buffer/buffer.go:55.36,57.2 1 1
gitlab.com/liamg/raft/buffer/buffer.go:59.43,61.2 1 1
gitlab.com/liamg/raft/buffer/buffer.go:63.53,64.49 1 1
gitlab.com/liamg/raft/buffer/buffer.go:64.49,66.3 1 1
gitlab.com/liamg/raft/buffer/buffer.go:70.44,71.26 1 1
gitlab.com/liamg/raft/buffer/buffer.go:71.26,73.16 2 1
gitlab.com/liamg/raft/buffer/buffer.go:77.3,78.53 2 1
gitlab.com/liamg/raft/buffer/buffer.go:81.3,84.35 4 1
gitlab.com/liamg/raft/buffer/buffer.go:73.16,75.12 2 1
gitlab.com/liamg/raft/buffer/buffer.go:78.53,80.4 1 1
gitlab.com/liamg/raft/buffer/buffer.go:88.49,90.46 1 1
gitlab.com/liamg/raft/buffer/buffer.go:90.46,92.3 1 1
gitlab.com/liamg/raft/buffer/buffer.go:92.8,93.44 1 1
gitlab.com/liamg/raft/buffer/buffer.go:93.44,98.4 4 1
gitlab.com/liamg/raft/buffer/buffer.go:98.9,100.50 2 1
gitlab.com/liamg/raft/buffer/buffer.go:100.50,105.5 4 1
gitlab.com/liamg/raft/buffer/buffer.go:105.10,106.58 1 0
gitlab.com/liamg/raft/buffer/buffer.go:107.5,108.26 2 0
gitlab.com/liamg/raft/buffer/buffer.go:114.33,116.25 1 1
gitlab.com/liamg/raft/buffer/buffer.go:124.2,124.43 1 1
gitlab.com/liamg/raft/buffer/buffer.go:116.25,118.19 2 1
gitlab.com/liamg/raft/buffer/buffer.go:118.19,121.4 2 1
gitlab.com/liamg/raft/buffer/buffer.go:124.43,127.3 2 1
gitlab.com/liamg/raft/buffer/buffer.go:127.8,130.3 2 1
gitlab.com/liamg/raft/buffer/buffer.go:133.54,135.33 1 1
gitlab.com/liamg/raft/buffer/buffer.go:139.2,139.33 1 1
gitlab.com/liamg/raft/buffer/buffer.go:143.2,143.86 1 1
gitlab.com/liamg/raft/buffer/buffer.go:135.33,137.3 1 1
gitlab.com/liamg/raft/buffer/buffer.go:139.33,141.3 1 1
gitlab.com/liamg/raft/buffer/buffer.go:146.60,147.31 1 1
gitlab.com/liamg/raft/buffer/buffer.go:151.2,151.33 1 1
gitlab.com/liamg/raft/buffer/buffer.go:155.2,156.23 2 1
gitlab.com/liamg/raft/buffer/buffer.go:147.31,150.3 2 1
gitlab.com/liamg/raft/buffer/buffer.go:151.33,154.3 2 1
gitlab.com/liamg/raft/buffer/buffer.go:159.48,161.80 2 1
gitlab.com/liamg/raft/buffer/buffer.go:166.2,166.14 1 1
gitlab.com/liamg/raft/buffer/buffer.go:161.80,162.38 1 1
gitlab.com/liamg/raft/buffer/buffer.go:162.38,164.4 1 1
gitlab.com/liamg/raft/buffer/buffer.go:171.31,172.48 1 1
gitlab.com/liamg/raft/buffer/buffer.go:175.2,175.26 1 1
gitlab.com/liamg/raft/buffer/buffer.go:172.48,174.3 1 1
gitlab.com/liamg/raft/buffer/buffer.go:178.63,183.2 2 1
gitlab.com/liamg/raft/buffer/cell.go:20.21,22.2 1 1
gitlab.com/liamg/raft/buffer/cell.go:24.35,27.2 2 1
gitlab.com/liamg/raft/buffer/line.go:8.21,13.2 1 1
gitlab.com/liamg/raft/buffer/line.go:15.44,17.2 1 1
gitlab.com/liamg/raft/buffer/line.go:19.35,21.34 2 1
gitlab.com/liamg/raft/buffer/line.go:24.2,24.22 1 1
gitlab.com/liamg/raft/buffer/line.go:21.34,23.3 1 1
